09-06 12:59:23 replicate_layout.action_replicate_layout 305:Plugin executed on: 'win32'
09-06 12:59:23 replicate_layout.action_replicate_layout 306:Plugin executed with python version: '2.7.15 (default, Oct 11 2018, 12:09:51)  [GCC 8.2.0 64 bit (AMD64)]'
09-06 12:59:23 replicate_layout.action_replicate_layout 307:KiCad build version: Unknown
09-06 12:59:23 replicate_layout.action_replicate_layout 308:Replicate layout plugin version: 68 started
09-06 12:59:23 replicate_layout.action_replicate_layout 319:wx top level windows: wxWindowList: [<wx._windows.Frame; proxy of <Swig Object of type 'wxFrame *' at 0x28e4080> >, <wx._windows.Frame; proxy of <Swig Object of type 'wxFrame *' at 0x28f4930> >, <wx._windows.Frame; proxy of <Swig Object of type 'wxFrame *' at 0x7f74270> >, <wx._windows.Frame; proxy of <Swig Object of type 'wxFrame *' at 0x6e747f0> >, <wx._windows.Frame; proxy of <Swig Object of type 'wxFrame *' at 0x6e74ed0> >, <wx._windows.Frame; proxy of <Swig Object of type 'wxFrame *' at 0xd554060> >, <wx._windows.Frame; proxy of <Swig Object of type 'wxFrame *' at 0x6e73da0> >]
09-06 12:59:23 replicate_layout.action_replicate_layout 343:Preparing replicator with J501 as a reference
09-06 12:59:23 replicate_layout.replicatelayout 215:getting project hierarchy from schematics
09-06 12:59:24 replicate_layout.replicatelayout 217:Project hierarchy looks like:
{u'58F7D3A7': [u'CAN1', u'D:\\Electronics Engineering\\Git\\Eclipse\\bms-slave-HW\\E11\\V1\\CAN.sch'], u'593F9F72': [u'Module 2', u'D:\\Electronics Engineering\\Git\\Eclipse\\bms-slave-HW\\E11\\V1\\Isolated_BMS_Slave_Front_End.sch'], u'591CDE38': [u'Power Supply Front End', u'D:\\Electronics Engineering\\Git\\Eclipse\\bms-slave-HW\\E11\\V1\\power_supply_front_end.sch'], u'58F25814': [u'STM32F446', u'D:\\Electronics Engineering\\Git\\Eclipse\\bms-slave-HW\\E11\\V1\\STM32F446.sch'], u'593FF1B1': [u'Module 4', u'D:\\Electronics Engineering\\Git\\Eclipse\\bms-slave-HW\\E11\\V1\\Isolated_BMS_Slave_Front_End.sch'], u'593FF93E': [u'Module 5', u'D:\\Electronics Engineering\\Git\\Eclipse\\bms-slave-HW\\E11\\V1\\Isolated_BMS_Slave_Front_End.sch'], u'591D0796': [u'Voltage Reading', u'D:\\Electronics Engineering\\Git\\Eclipse\\bms-slave-HW\\E11\\V1\\voltage_reading.sch'], u'591D23A3': [u'Balancing', u'D:\\Electronics Engineering\\Git\\Eclipse\\bms-slave-HW\\E11\\V1\\balancing.sch'], u'5938E2BF': [u'Module 1', u'D:\\Electronics Engineering\\Git\\Eclipse\\bms-slave-HW\\E11\\V1\\Isolated_BMS_Slave_Front_End.sch'], u'58F590C0': [u'Power Supply', u'D:\\Electronics Engineering\\Git\\Eclipse\\bms-slave-HW\\E11\\V1\\Power Supply.sch'], u'593FDFB1': [u'Module 3', u'D:\\Electronics Engineering\\Git\\Eclipse\\bms-slave-HW\\E11\\V1\\Isolated_BMS_Slave_Front_End.sch'], u'59400152': [u'Module 6', u'D:\\Electronics Engineering\\Git\\Eclipse\\bms-slave-HW\\E11\\V1\\Isolated_BMS_Slave_Front_End.sch']}
09-06 12:59:24 replicate_layout.replicatelayout 225:getting a list of all footprints on board
09-06 12:59:24 replicate_layout.action_replicate_layout 370:source anchor footprint is u'J501'
Located on:[u'Module 1']
With filenames:[u'Isolated_BMS_Slave_Front_End.sch']
With sheet_id:[u'Module 1']
09-06 12:59:24 replicate_layout.action_replicate_layout 374:Corresponding footprints are 
[(u'J2501', [u'Module 6']), (u'J2101', [u'Module 5']), (u'J1701', [u'Module 4']), (u'J1301', [u'Module 3']), (u'J901', [u'Module 2']), (u'J501', [u'Module 1'])]
09-06 12:59:24 replicate_layout.action_replicate_layout 387:Showing dialog
09-06 12:59:24 replicate_layout.action_replicate_layout 391:Pcbnew position: wx.Point(-4, -4)
09-06 12:59:24 replicate_layout.action_replicate_layout 397:Display 0: wx.Rect(0, 0, 1920, 1080)
09-06 12:59:24 replicate_layout.action_replicate_layout 401:Toolbar position: wx.Point(1734, 110)
09-06 12:59:24 replicate_layout.action_replicate_layout 408:Dialog position: wx.Point(1421, 110)
09-06 12:59:25 replicate_layout.replicatelayout 249:construcing a list of sheets suitable for replication on level:u'Module 1', file:u'Isolated_BMS_Slave_Front_End.sch'
09-06 12:59:25 replicate_layout.replicatelayout 256:Source sheet path up to the level:[u'Module 1']
09-06 12:59:25 replicate_layout.replicatelayout 260:Footprints on the sheets:
[u'J2501', u'J2101', u'J1701', u'J1301', u'J901', u'J501']
09-06 12:59:25 replicate_layout.replicatelayout 263:Footprints raw sheet ids:
[u'/59400152/5EBA09D2', u'/593FF93E/5EBA09D2', u'/593FF1B1/5EBA09D2', u'/593FDFB1/5EBA09D2', u'/593F9F72/5EBA09D2', u'/5938E2BF/5EBA09D2']
09-06 12:59:25 replicate_layout.replicatelayout 279:All sheets to replicate:
[[u'Module 6'], [u'Module 5'], [u'Module 4'], [u'Module 3'], [u'Module 2'], [u'Module 1']]
09-06 12:59:25 replicate_layout.replicatelayout 284:All sheets to replicate sorted:
[[u'Module 1'], [u'Module 2'], [u'Module 3'], [u'Module 4'], [u'Module 5'], [u'Module 6']]
09-06 12:59:25 replicate_layout.replicatelayout 290:All sheets to replicate sorted and without source sheet:
[[u'Module 2'], [u'Module 3'], [u'Module 4'], [u'Module 5'], [u'Module 6']]
09-06 12:59:37 replicate_layout.replicatelayout 249:construcing a list of sheets suitable for replication on level:u'Module 1', file:u'Isolated_BMS_Slave_Front_End.sch'
09-06 12:59:37 replicate_layout.replicatelayout 256:Source sheet path up to the level:[u'Module 1']
09-06 12:59:37 replicate_layout.replicatelayout 260:Footprints on the sheets:
[u'J2501', u'J2101', u'J1701', u'J1301', u'J901', u'J501']
09-06 12:59:37 replicate_layout.replicatelayout 263:Footprints raw sheet ids:
[u'/59400152/5EBA09D2', u'/593FF93E/5EBA09D2', u'/593FF1B1/5EBA09D2', u'/593FDFB1/5EBA09D2', u'/593F9F72/5EBA09D2', u'/5938E2BF/5EBA09D2']
09-06 12:59:37 replicate_layout.replicatelayout 279:All sheets to replicate:
[[u'Module 6'], [u'Module 5'], [u'Module 4'], [u'Module 3'], [u'Module 2'], [u'Module 1']]
09-06 12:59:37 replicate_layout.replicatelayout 284:All sheets to replicate sorted:
[[u'Module 1'], [u'Module 2'], [u'Module 3'], [u'Module 4'], [u'Module 5'], [u'Module 6']]
09-06 12:59:37 replicate_layout.replicatelayout 290:All sheets to replicate sorted and without source sheet:
[[u'Module 2'], [u'Module 3'], [u'Module 4'], [u'Module 5'], [u'Module 6']]
09-06 12:59:37 replicate_layout.action_replicate_layout 179:Replicating layout
09-06 12:59:37 replicate_layout.replicatelayout 990:Starting replication of sheets: [[u'Module 2'], [u'Module 3'], [u'Module 4'], [u'Module 5'], [u'Module 6']]
on level: [u'Module 1']
with tracks=True, zone=True, text=True, containing=False, remove=True, locked=True
09-06 12:59:37 root 261:updating GUI message: 'Preparing for replication'
09-06 12:59:37 replicate_layout.replicatelayout 556:Getting the list of source footprints
09-06 12:59:37 root 266:updating GUI with: 0
09-06 12:59:37 replicate_layout.replicatelayout 560:Getting the list of all the remaining footprints
09-06 12:59:37 replicate_layout.replicatelayout 564:Getting nets local to source footprints
09-06 12:59:37 replicate_layout.replicatelayout 568:Getting source bounding box
09-06 12:59:37 root 266:updating GUI with: 37
09-06 12:59:37 replicate_layout.replicatelayout 572:Getting source tracks
09-06 12:59:37 replicate_layout.replicatelayout 576:Getting source zones
09-06 12:59:37 root 266:updating GUI with: 62
09-06 12:59:37 replicate_layout.replicatelayout 580:Getting source text items
09-06 12:59:37 replicate_layout.replicatelayout 584:Getting source text items
09-06 12:59:37 root 266:updating GUI with: 100
09-06 12:59:37 replicate_layout.replicatelayout 1018:Removing tracks and zones, before module placement
09-06 12:59:37 root 261:updating GUI message: 'Removing zones and tracks'
09-06 12:59:37 root 266:updating GUI with: 0
09-06 12:59:37 root 266:updating GUI with: 20
09-06 12:59:37 root 266:updating GUI with: 40
09-06 12:59:37 root 266:updating GUI with: 60
09-06 12:59:37 root 266:updating GUI with: 80
09-06 12:59:37 root 261:updating GUI message: 'Replicating footprints'
09-06 12:59:37 root 266:updating GUI with: 0
09-06 12:59:37 replicate_layout.replicatelayout 590:Replicating footprints
09-06 12:59:37 replicate_layout.replicatelayout 596:Replicating footprints on sheet [u'Module 2']
09-06 12:59:37 root 266:updating GUI with: 10
09-06 12:59:37 replicate_layout.replicatelayout 596:Replicating footprints on sheet [u'Module 3']
09-06 12:59:37 root 266:updating GUI with: 23
09-06 12:59:37 root 266:updating GUI with: 36
09-06 12:59:37 replicate_layout.replicatelayout 596:Replicating footprints on sheet [u'Module 4']
09-06 12:59:37 root 266:updating GUI with: 50
09-06 12:59:37 replicate_layout.replicatelayout 596:Replicating footprints on sheet [u'Module 5']
09-06 12:59:37 root 266:updating GUI with: 62
09-06 12:59:37 root 266:updating GUI with: 76
09-06 12:59:37 replicate_layout.replicatelayout 596:Replicating footprints on sheet [u'Module 6']
09-06 12:59:37 root 266:updating GUI with: 90
09-06 12:59:37 replicate_layout.replicatelayout 1026:Removing tracks and zones, after module placement
09-06 12:59:37 root 261:updating GUI message: 'Removing zones and tracks'
09-06 12:59:37 root 266:updating GUI with: 20
09-06 12:59:37 root 266:updating GUI with: 40
09-06 12:59:37 root 266:updating GUI with: 60
09-06 12:59:37 root 266:updating GUI with: 80
09-06 12:59:37 root 261:updating GUI message: 'Replicating tracks'
09-06 12:59:37 root 266:updating GUI with: 0
09-06 12:59:37 replicate_layout.replicatelayout 716:Replicating tracks
09-06 12:59:37 replicate_layout.replicatelayout 722:Replicating tracks on sheet [u'Module 2']
09-06 12:59:37 root 266:updating GUI with: 0
09-06 12:59:37 replicate_layout.replicatelayout 722:Replicating tracks on sheet [u'Module 3']
09-06 12:59:37 root 266:updating GUI with: 20
09-06 12:59:37 replicate_layout.replicatelayout 722:Replicating tracks on sheet [u'Module 4']
09-06 12:59:37 root 266:updating GUI with: 40
09-06 12:59:37 replicate_layout.replicatelayout 722:Replicating tracks on sheet [u'Module 5']
09-06 12:59:37 root 266:updating GUI with: 60
09-06 12:59:37 replicate_layout.replicatelayout 722:Replicating tracks on sheet [u'Module 6']
09-06 12:59:37 root 266:updating GUI with: 80
09-06 12:59:37 root 261:updating GUI message: 'Replicating zones'
09-06 12:59:37 replicate_layout.replicatelayout 767:Replicating zones
09-06 12:59:37 replicate_layout.replicatelayout 774:Replicating zones on sheet [u'Module 2']
09-06 12:59:38 root 266:updating GUI with: 3
09-06 12:59:38 replicate_layout.replicatelayout 774:Replicating zones on sheet [u'Module 3']
09-06 12:59:38 root 266:updating GUI with: 23
09-06 12:59:38 replicate_layout.replicatelayout 774:Replicating zones on sheet [u'Module 4']
09-06 12:59:38 root 266:updating GUI with: 43
09-06 12:59:38 replicate_layout.replicatelayout 774:Replicating zones on sheet [u'Module 5']
09-06 12:59:38 root 266:updating GUI with: 63
09-06 12:59:38 replicate_layout.replicatelayout 774:Replicating zones on sheet [u'Module 6']
09-06 12:59:38 root 266:updating GUI with: 83
09-06 12:59:38 root 261:updating GUI message: 'Replicating text'
09-06 12:59:38 replicate_layout.replicatelayout 833:Replicating text
09-06 12:59:38 replicate_layout.replicatelayout 840:Replicating text on sheet [u'Module 2']
09-06 12:59:38 replicate_layout.replicatelayout 840:Replicating text on sheet [u'Module 3']
09-06 12:59:38 replicate_layout.replicatelayout 840:Replicating text on sheet [u'Module 4']
09-06 12:59:38 replicate_layout.replicatelayout 840:Replicating text on sheet [u'Module 5']
09-06 12:59:38 replicate_layout.replicatelayout 840:Replicating text on sheet [u'Module 6']
09-06 12:59:38 root 261:updating GUI message: 'Replicating drawings'
09-06 12:59:38 replicate_layout.replicatelayout 864:Replicating drawings
09-06 12:59:38 replicate_layout.replicatelayout 870:Replicating drawings on sheet [u'Module 2']
09-06 12:59:38 replicate_layout.replicatelayout 870:Replicating drawings on sheet [u'Module 3']
09-06 12:59:38 replicate_layout.replicatelayout 870:Replicating drawings on sheet [u'Module 4']
09-06 12:59:38 replicate_layout.replicatelayout 870:Replicating drawings on sheet [u'Module 5']
09-06 12:59:38 replicate_layout.replicatelayout 870:Replicating drawings on sheet [u'Module 6']
09-06 12:59:38 root 261:updating GUI message: 'Removing duplicates'
09-06 12:59:38 replicate_layout.action_replicate_layout 201:Replication complete
